#
# A fatal error has been detected by the Java Runtime Environment:
#
#  SIGSEGV (0xb) at pc=0x0000000400000820, pid=10937, tid=40707
#
# JRE version: OpenJDK Runtime Environment (15.0.2+7) (build 15.0.2+7-27)
# Java VM: OpenJDK 64-Bit Server VM (15.0.2+7-27, mixed mode, tiered, compressed oops, g1 gc, bsd-amd64)
# Problematic frame:
# C  0x0000000400000820
#
# No core dump will be written. Core dumps have been disabled. To enable core dumping, try "ulimit -c unlimited" before starting Java again
#
# If you would like to submit a bug report, please visit:
#   https://bugreport.java.com/bugreport/crash.jsp
#

---------------  S U M M A R Y ------------

Command Line: -XX:+ShowCodeDetailsInExceptionMessages -agentlib:jdwp=transport=dt_socket,suspend=y,address=localhost:58032 -ea -javaagent:/Applications/SpringToolSuite4.app/Contents/Eclipse/configuration/org.eclipse.osgi/245/0/.cp/lib/javaagent-shaded.jar -Dfile.encoding=UTF-8 org.eclipse.jdt.internal.junit.runner.RemoteTestRunner -version 3 -port 58029 -testLoaderClass org.eclipse.jdt.internal.junit5.runner.JUnit5TestLoader -loaderpluginname org.eclipse.jdt.junit5.runtime -classNames com.example.demo.runner.IOS_Runner

Host: MacBookPro17,1 x86_64 2400 MHz, 8 cores, 8G, Darwin 20.5.0
Time: Tue Aug 10 11:04:46 2021 -03 elapsed time: 69.646548 seconds (0d 0h 1m 9s)

---------------  T H R E A D  ---------------

Current thread (0x00007fd3b7043200):  JavaThread "Signal Dispatcher" daemon [_thread_in_vm, id=40707, stack(0x00000003059a7000,0x0000000305aa7000)]

Stack: [0x00000003059a7000,0x0000000305aa7000],  sp=0x0000000305aa5348,  free space=1016k
Native frames: (J=compiled Java code, A=aot compiled Java code, j=interpreted, Vv=VM code, C=native code)
C  0x0000000400000820
C  [libjimage.dylib+0x37a0]  JIMAGE_FindResource+0xd0
V